2021-10-30 15:45:19,709 [main] INFO  [com.example.moudle.ExceDealApplication] StartupInfoLogger.java:55 - Starting ExceDealApplication using Java 1.8.0_201 on DESKTOP-2ICHA83 with PID 15064 (C:\Users\lzw\Desktop\个人项目文件\exce_deal\target\classes started by lzw in C:\Users\lzw\Desktop\个人项目文件\exce_deal)
2021-10-30 15:45:19,709 [main] INFO  [com.example.moudle.ExceDealApplication] SpringApplication.java:659 - No active profile set, falling back to default profiles: default
2021-10-30 15:45:21,136 [main] INFO  [o.s.boot.web.embedded.tomcat.TomcatWebServer] TomcatWebServer.java:108 - Tomcat initialized with port(s): 18850 (http)
2021-10-30 15:45:21,136 [main] INFO  [org.apache.coyote.http11.Http11NioProtocol] DirectJDKLog.java:173 - Initializing ProtocolHandler ["http-nio-18850"]
2021-10-30 15:45:21,152 [main] INFO  [org.apache.catalina.core.StandardService] DirectJDKLog.java:173 - Starting service [Tomcat]
2021-10-30 15:45:21,152 [main] INFO  [org.apache.catalina.core.StandardEngine] DirectJDKLog.java:173 - Starting Servlet engine: [Apache Tomcat/9.0.53]
2021-10-30 15:45:21,214 [main] INFO  [o.a.c.core.ContainerBase.[Tomcat].[localhost].[/]] DirectJDKLog.java:173 - Initializing Spring embedded WebApplicationContext
2021-10-30 15:45:21,214 [main] INFO  [o.s.b.w.s.c.ServletWebServerApplicationContext] ServletWebServerApplicationContext.java:290 - Root WebApplicationContext: initialization completed in 1420 ms
2021-10-30 15:45:22,908 [main] INFO  [org.apache.coyote.http11.Http11NioProtocol] DirectJDKLog.java:173 - Starting ProtocolHandler ["http-nio-18850"]
2021-10-30 15:45:22,934 [main] INFO  [o.s.boot.web.embedded.tomcat.TomcatWebServer] TomcatWebServer.java:220 - Tomcat started on port(s): 18850 (http) with context path ''
2021-10-30 15:45:22,944 [main] INFO  [com.example.moudle.ExceDealApplication] StartupInfoLogger.java:61 - Started ExceDealApplication in 4.176 seconds (JVM running for 5.384)
2021-10-30 15:45:22,971 [main] INFO  [com.zaxxer.hikari.HikariDataSource] HikariDataSource.java:110 - HikariPool-1 - Starting...
2021-10-30 15:45:23,096 [main] INFO  [com.zaxxer.hikari.HikariDataSource] HikariDataSource.java:123 - HikariPool-1 - Start completed.
2021-10-30 15:46:44,727 [http-nio-18850-exec-1] INFO  [o.a.c.core.ContainerBase.[Tomcat].[localhost].[/]] DirectJDKLog.java:173 - Initializing Spring DispatcherServlet 'dispatcherServlet'
2021-10-30 15:46:44,728 [http-nio-18850-exec-1] INFO  [org.springframework.web.servlet.DispatcherServlet] FrameworkServlet.java:525 - Initializing Servlet 'dispatcherServlet'
2021-10-30 15:46:44,733 [http-nio-18850-exec-1] INFO  [org.springframework.web.servlet.DispatcherServlet] FrameworkServlet.java:547 - Completed initialization in 2 ms
2021-10-30 15:48:39,495 [main] INFO  [com.example.moudle.ExceDealApplication] StartupInfoLogger.java:55 - Starting ExceDealApplication using Java 1.8.0_201 on DESKTOP-2ICHA83 with PID 16420 (C:\Users\lzw\Desktop\个人项目文件\exce_deal\target\classes started by lzw in C:\Users\lzw\Desktop\个人项目文件\exce_deal)
2021-10-30 15:48:39,495 [main] INFO  [com.example.moudle.ExceDealApplication] SpringApplication.java:659 - No active profile set, falling back to default profiles: default
2021-10-30 15:48:40,647 [main] INFO  [o.s.boot.web.embedded.tomcat.TomcatWebServer] TomcatWebServer.java:108 - Tomcat initialized with port(s): 18850 (http)
2021-10-30 15:48:40,656 [main] INFO  [org.apache.coyote.http11.Http11NioProtocol] DirectJDKLog.java:173 - Initializing ProtocolHandler ["http-nio-18850"]
2021-10-30 15:48:40,657 [main] INFO  [org.apache.catalina.core.StandardService] DirectJDKLog.java:173 - Starting service [Tomcat]
2021-10-30 15:48:40,657 [main] INFO  [org.apache.catalina.core.StandardEngine] DirectJDKLog.java:173 - Starting Servlet engine: [Apache Tomcat/9.0.53]
2021-10-30 15:48:40,735 [main] INFO  [o.a.c.core.ContainerBase.[Tomcat].[localhost].[/]] DirectJDKLog.java:173 - Initializing Spring embedded WebApplicationContext
2021-10-30 15:48:40,735 [main] INFO  [o.s.b.w.s.c.ServletWebServerApplicationContext] ServletWebServerApplicationContext.java:290 - Root WebApplicationContext: initialization completed in 1171 ms
2021-10-30 15:48:42,230 [main] INFO  [org.apache.coyote.http11.Http11NioProtocol] DirectJDKLog.java:173 - Starting ProtocolHandler ["http-nio-18850"]
2021-10-30 15:48:42,245 [main] INFO  [o.s.boot.web.embedded.tomcat.TomcatWebServer] TomcatWebServer.java:220 - Tomcat started on port(s): 18850 (http) with context path ''
2021-10-30 15:48:42,255 [main] INFO  [com.example.moudle.ExceDealApplication] StartupInfoLogger.java:61 - Started ExceDealApplication in 3.392 seconds (JVM running for 4.587)
